<?xml version="1.0" encoding="UTF-8"?>
<testng-results ignored="0" total="1" passed="1" failed="0" skipped="0">
  <reporter-output>
  </reporter-output>
  <suite started-at="2022-12-08T20:16:29 IST" name="Suite" finished-at="2022-12-08T20:16:55 IST" duration-ms="26367">
    <groups>
    </groups>
    <test started-at="2022-12-08T20:16:29 IST" name="Test" finished-at="2022-12-08T20:16:55 IST" duration-ms="26367">
      <class name="com.Test.Test_1">
        <test-method is-config="true" signature="initialization()[pri:0, instance:com.Test.Test_1@45d84a20]" started-at="2022-12-08T20:16:29 IST" name="initialization" finished-at="2022-12-08T20:16:29 IST" duration-ms="18" status="PASS">
          <reporter-output>
          </reporter-output>
        </test-method> <!-- initialization -->
        <test-method is-config="true" signature="setUp()[pri:0, instance:com.Test.Test_1@45d84a20]" started-at="2022-12-08T20:16:29 IST" name="setUp" finished-at="2022-12-08T20:16:38 IST" duration-ms="9417" status="PASS">
          <reporter-output>
          </reporter-output>
        </test-method> <!-- setUp -->
        <test-method signature="VerifyLoginPage()[pri:0, instance:com.Test.Test_1@45d84a20]" started-at="2022-12-08T20:16:38 IST" name="VerifyLoginPage" finished-at="2022-12-08T20:16:54 IST" duration-ms="16475" status="PASS">
          <reporter-output>
          </reporter-output>
        </test-method> <!-- VerifyLoginPage -->
        <test-method is-config="true" signature="tearDown()[pri:0, instance:com.Test.Test_1@45d84a20]" started-at="2022-12-08T20:16:55 IST" name="tearDown" finished-at="2022-12-08T20:16:55 IST" duration-ms="235" status="PASS">
          <reporter-output>
          </reporter-output>
        </test-method> <!-- tearDown -->
      </class> <!-- com.Test.Test_1 -->
    </test> <!-- Test -->
  </suite> <!-- Suite -->
</testng-results>
